Exception at PC 0x00007FF94ED5A799
Exception at PC 0x00007FF94ED5A799
Exception at PC 0x00007FF94ED5A799
Exception at PC 0x00007FF94ED5A799
Exception at PC 0x00007FF94ED5A799
Exception at PC 0x00007FF94ED5A799
Exception at PC 0x00007FF94ED5A799
Exception at PC 0x00007FF94ED5A799
Exception at PC 0x00007FF8B5DAE132
Attemped to write at address 0x00007FF8F5EC4AA4
Printing stacktrace...

[0]  [0x00007FF8B5DAE132]
[1]  [0x00007FF8B5DAE132]
[2]  [0x00007FF8B5DAE194]
[3]  [0x00007FF8B59FD0D7]
[4]  [0x00007FF8B58E2BCA]
[5]  [0x00007FF8B58E2FD1]
[6]  [0x00007FF8B5DAEB2F]
[7]  [0x00007FF8B5C6C19D]
[8]  [0x00007FF8B5C65942]
[9]  [0x00007FF8B5C65AB5]
[10] (RtlActivateActivationContextUnsafeFast+0x121) [0x00007FF9515E5021]
[11] (LdrShutdownProcess+0x132) [0x00007FF95162AA82]
[12] (RtlExitUserProcess+0xad) [0x00007FF95162A92D]
[13] (ExitProcess+0xa) [0x00007FF950BCCD8A]
[14] (exit+0x85) [0x00007FF9502AA245]
[15] (initterm_e+0x245) [0x00007FF9502AA8B5]
[16]  [0x00000000004014CD]
[17]  [0x000000000040151B]
[18] (BaseThreadInitThunk+0x14) [0x00007FF950BC7BD4]
[19] (RtlUserThreadStart+0x21) [0x00007FF95162CE51]
Done
